2/11/2023 12:42:34: Usuario Steve Harris (admin) inició sesión.
2/11/2023 13:41:58: Usuario Steve Harris (admin) inició sesión.
2/11/2023 13:47:11: Usuario Steve Harris (admin) inició sesión.
2/11/2023 13:50:11: Usuario Steve Harris (admin) inició sesión.
2/11/2023 13:51:55: Usuario Steve Harris (admin) inició sesión.
2/11/2023 13:54:23: Usuario Steve Harris (admin) inició sesión.
2/11/2023 13:54:48: Usuario Steve Harris (admin) inició sesión.
2/11/2023 14:11:56: Usuario Steve Harris (admin) inició sesión.
2/11/2023 14:14:39: Usuario Steve Harris (admin) inició sesión.
2/11/2023 14:15:16: Usuario Steve Harris (admin) inició sesión.
2/11/2023 15:40:16: Usuario Steve Harris (admin) ha ingresado.
2/11/2023 15:40:43: Usuario Steve Harris (admin) ha ingresado.
2/11/2023 15:42:30: Usuario Steve Harris (admin) ha ingresado.
2/11/2023 15:59:52: Usuario Steve Harris (admin) ha ingresado.
2/11/2023 16:00:36: Usuario Steve Harris (admin) ha ingresado.
2/11/2023 16:00:52: Usuario Steve Harris (admin) ha ingresado.
2/11/2023 16:02:36: Usuario Steve Harris (admin) ha ingresado.
2/11/2023 16:04:05: Usuario Steve Harris (admin) ha ingresado.
2/11/2023 16:12:11: Usuario Steve Harris (admin) ha ingresado.
4/11/2023 15:19:31: Usuario Steve Harris (admin) ha ingresado.
4/11/2023 15:32:21: Usuario Steve Harris (admin) ha ingresado.
4/11/2023 16:11:28: Usuario Steve Harris (admin) ha ingresado.
4/11/2023 16:12:37: Usuario Steve Harris (admin) ha ingresado.
4/11/2023 16:13:35: Usuario Steve Harris (admin) ha ingresado.
4/11/2023 16:18:05: Usuario Steve Harris (admin) ha ingresado.
4/11/2023 17:04:08: Usuario Steve Harris (admin) ha ingresado.
4/11/2023 17:09:51: Usuario Steve Harris (admin) ha ingresado.
4/11/2023 17:20:49: Usuario Steve Harris (admin) ha ingresado.
4/11/2023 20:12:22: Usuario Steve Harris (admin) ha ingresado.
4/11/2023 20:18:15: Usuario Steve Harris (admin) ha ingresado.
4/11/2023 20:18:54: Usuario Steve Harris (admin) ha ingresado.
4/11/2023 20:21:16: Usuario Steve Harris (admin) ha ingresado.
7/11/2023 19:54:12: Usuario Steve Harris (admin) ha ingresado.
7/11/2023 20:36:47: Usuario Steve Harris (admin) ha ingresado.
7/11/2023 20:37:31: Usuario Steve Harris (admin) ha ingresado.
7/11/2023 20:40:37: Usuario Steve Harris (admin) ha ingresado.
8/11/2023 18:35:11: Usuario Michael Jordan (admin@admin.com) ha ingresado.
8/11/2023 18:41:00: Usuario Michael Jordan (admin@admin.com) ha ingresado.
13/11/2023 23:14:16: Usuario Michael Jordan (admin@admin.com) ha ingresado.
13/11/2023 23:15:02: Usuario Michael Jordan (admin@admin.com) ha ingresado.
14/11/2023 00:52:51: Usuario Michael Jordan (admin@admin.com) ha ingresado.
14/11/2023 00:54:45: Usuario Michael Jordan (admin@admin.com) ha ingresado.
14/11/2023 01:00:02: Usuario Michael Jordan (admin@admin.com) ha ingresado.
14/11/2023 01:07:40: Usuario Michael Jordan (admin@admin.com) ha ingresado.
14/11/2023 01:10:54: Usuario Michael Jordan (admin@admin.com) ha ingresado.
14/11/2023 01:11:45: Usuario Michael Jordan (admin@admin.com) ha ingresado.
14/11/2023 01:13:40: Usuario Michael Jordan (admin) ha ingresado.
14/11/2023 01:18:23: Usuario Michael Jordan (admin) ha ingresado.
14/11/2023 01:40:42: Usuario Michael Jordan (admin) ha ingresado.
14/11/2023 01:42:32: Usuario Michael Jordan (admin) ha ingresado.
14/11/2023 01:43:12: Usuario Michael Jordan (admin) ha ingresado.
14/11/2023 01:43:43: Usuario Michael Jordan (admin) ha ingresado.
14/11/2023 11:51:53: Usuario Ingrid Harroll (iharroll@vendedor.com) ha ingresado.
14/11/2023 12:01:17: Usuario Corey Gorgen (cgorgen@vendedor.com) ha ingresado.
14/11/2023 14:21:36: Usuario Michael Jordan (admin) ha ingresado.
14/11/2023 14:27:42: Usuario Michael Jordan (admin) ha ingresado.
14/11/2023 14:27:55: Usuario Michael Jordan (admin) ha ingresado.
14/11/2023 14:30:15: Usuario Michael Jordan (admin) ha ingresado.
14/11/2023 14:31:07: Usuario Michael Jordan (admin) ha ingresado.
14/11/2023 14:32:48: Usuario Michael Jordan (admin) ha ingresado.
14/11/2023 15:04:44: Usuario Michael Jordan (admin) ha ingresado.
14/11/2023 15:07:27: Usuario Michael Jordan (admin) ha ingresado.
14/11/2023 15:08:04: Usuario Michael Jordan (admin) ha ingresado.
14/11/2023 15:10:02: Usuario Michael Jordan (admin) ha ingresado.
2/12/2023 15:24:50: Usuario Michael Jordan (admin) ha ingresado.
4/12/2023 17:02:43: Usuario Michael Jordan (admin) ha ingresado.
4/12/2023 18:07:37: Usuario Michael Jordan (admin) ha ingresado.
4/12/2023 18:10:09: Usuario Michael Jordan (admin) ha ingresado.
4/12/2023 18:12:40: Usuario Michael Jordan (admin) ha ingresado.
4/12/2023 18:14:21: Usuario Michael Jordan (admin) ha ingresado.
4/12/2023 18:15:57: Usuario Michael Jordan (admin) ha ingresado.
4/12/2023 18:18:24: Usuario Michael Jordan (admin) ha ingresado.
4/12/2023 18:19:54: Usuario Michael Jordan (admin) ha ingresado.
4/12/2023 18:24:46: Usuario Michael Jordan (admin) ha ingresado.
4/12/2023 18:25:29: Usuario Michael Jordan (admin) ha ingresado.
4/12/2023 18:33:02: Usuario Michael Jordan (admin) ha ingresado.
4/12/2023 18:39:13: Usuario Michael Jordan (admin) ha ingresado.
4/12/2023 18:53:23: Usuario Michael Jordan (admin) ha ingresado.
4/12/2023 18:57:28: Usuario Michael Jordan (admin) ha ingresado.
4/12/2023 19:00:42: Usuario Michael Jordan (admin) ha ingresado.
4/12/2023 19:01:51: Usuario Michael Jordan (admin) ha ingresado.
4/12/2023 19:08:58: Usuario Michael Jordan (admin) ha ingresado.
4/12/2023 19:10:59: Usuario Michael Jordan (admin) ha ingresado.
4/12/2023 19:12:06: Usuario Michael Jordan (admin) ha ingresado.
4/12/2023 19:13:16: Usuario Michael Jordan (admin) ha ingresado.
4/12/2023 19:14:15: Usuario Michael Jordan (admin) ha ingresado.
4/12/2023 19:15:15: Usuario Michael Jordan (admin) ha ingresado.
4/12/2023 19:25:06: Usuario Michael Jordan (admin) ha ingresado.
4/12/2023 19:29:59: Usuario Michael Jordan (admin) ha ingresado.
4/12/2023 19:31:18: Usuario Michael Jordan (admin) ha ingresado.
4/12/2023 19:47:04: Usuario Michael Jordan (admin) ha ingresado.
4/12/2023 20:57:27: Usuario Michael Jordan (admin) ha ingresado.
4/12/2023 20:58:04: Usuario Michael Jordan (admin) ha ingresado.
4/12/2023 20:58:40: Usuario Michael Jordan (admin) ha ingresado.
4/12/2023 21:01:13: Usuario Michael Jordan (admin) ha ingresado.
4/12/2023 21:06:50: Usuario Michael Jordan (admin) ha ingresado.
4/12/2023 21:24:19: Usuario Michael Jordan (admin) ha ingresado.
4/12/2023 21:25:20: Usuario Michael Jordan (admin) ha ingresado.
4/12/2023 21:30:58: Usuario Michael Jordan (admin) ha ingresado.
4/12/2023 21:35:04: Usuario Michael Jordan (admin) ha ingresado.
4/12/2023 21:41:03: Usuario Michael Jordan (admin) ha ingresado.
4/12/2023 21:45:48: Usuario Michael Jordan (admin) ha ingresado.
4/12/2023 21:47:02: Usuario Michael Jordan (admin) ha ingresado.
4/12/2023 21:50:56: Usuario Michael Jordan (admin) ha ingresado.
4/12/2023 22:24:32: Usuario Michael Jordan (admin) ha ingresado.
4/12/2023 22:26:40: Usuario Michael Jordan (admin) ha ingresado.
4/12/2023 22:28:12: Usuario Michael Jordan (admin) ha ingresado.
4/12/2023 23:03:00: Usuario Michael Jordan (admin) ha ingresado.
4/12/2023 23:22:54: Usuario Michael Jordan (admin) ha ingresado.
5/12/2023 00:40:58: Usuario Michael Jordan (admin) ha ingresado.
5/12/2023 00:42:13: Usuario Michael Jordan (admin) ha ingresado.
5/12/2023 00:43:22: Usuario Michael Jordan (admin) ha ingresado.
5/12/2023 00:45:37: Usuario Michael Jordan (admin) ha ingresado.
5/12/2023 00:47:56: Usuario Michael Jordan (admin) ha ingresado.
5/12/2023 01:00:53: Usuario Michael Jordan (admin) ha ingresado.
5/12/2023 01:02:21: Usuario Michael Jordan (admin) ha ingresado.
5/12/2023 01:25:44: Usuario Michael Jordan (admin) ha ingresado.
5/12/2023 01:28:24: Usuario Michael Jordan (admin) ha ingresado.
5/12/2023 01:29:40: Usuario Michael Jordan (admin) ha ingresado.
5/12/2023 01:32:20: Usuario Michael Jordan (admin) ha ingresado.
5/12/2023 01:34:13: Usuario Michael Jordan (admin) ha ingresado.
5/12/2023 01:38:30: Usuario Michael Jordan (admin) ha ingresado.
5/12/2023 01:39:30: Usuario Michael Jordan (admin) ha ingresado.
5/12/2023 01:54:11: Usuario Michael Jordan (admin) ha ingresado.
5/12/2023 01:56:43: Usuario Michael Jordan (admin) ha ingresado.
5/12/2023 02:05:57: Usuario Michael Jordan (admin) ha ingresado.
5/12/2023 02:07:17: Usuario Michael Jordan (admin) ha ingresado.
5/12/2023 02:11:56: Usuario Michael Jordan (admin) ha ingresado.
5/12/2023 02:15:39: Usuario Michael Jordan (admin) ha ingresado.
5/12/2023 02:16:20: Usuario Michael Jordan (admin) ha ingresado.
5/12/2023 02:23:18: Usuario Michael Jordan (admin) ha ingresado.
5/12/2023 02:25:13: Usuario Michael Jordan (admin) ha ingresado.
5/12/2023 02:26:15: Usuario Michael Jordan (admin) ha ingresado.
5/12/2023 02:50:20: Usuario Michael Jordan (admin) ha ingresado.
5/12/2023 02:52:41: Usuario Michael Jordan (admin) ha ingresado.
5/12/2023 02:54:01: Usuario Michael Jordan (admin) ha ingresado.
5/12/2023 02:56:37: Usuario Michael Jordan (admin) ha ingresado.
5/12/2023 02:57:58: Usuario Michael Jordan (admin) ha ingresado.
5/12/2023 02:58:36: Usuario Michael Jordan (admin) ha ingresado.
5/12/2023 03:00:09: Usuario Michael Jordan (admin) ha ingresado.
5/12/2023 03:01:00: Usuario Michael Jordan (admin) ha ingresado.
5/12/2023 03:03:57: Usuario Michael Jordan (admin) ha ingresado.
5/12/2023 03:31:25: Usuario Steve Harris (sharris@maiden.com.uk) ha ingresado.
5/12/2023 03:32:25: Usuario Michael Jordan (admin) ha ingresado.
5/12/2023 03:32:46: Usuario Futbol Jordan (admin) ha ingresado.
5/12/2023 03:35:40: Usuario Tilda Robinson (trobinson@super.com) ha ingresado.
